TN:
SF:src\components\AuthScreen.vue
FN:17,signIn
FN:34,signUp
FNF:2
FNH:2
FNDA:5,signIn
FNDA:1,signUp
DA:2,1
DA:3,1
DA:4,1
DA:7,1
DA:8,1
DA:10,1
DA:11,1
DA:12,1
DA:13,1
DA:15,1
DA:17,5
DA:18,5
DA:19,1
DA:20,1
DA:21,1
DA:22,4
DA:23,4
DA:24,4
DA:25,4
DA:26,2
DA:27,5
DA:28,1
DA:29,5
DA:30,3
DA:31,3
DA:32,5
DA:34,1
DA:35,1
DA:36,0
DA:37,0
DA:38,0
DA:39,1
DA:40,1
DA:41,1
DA:42,1
DA:43,1
DA:44,1
DA:45,0
DA:46,1
DA:47,1
DA:48,1
DA:49,1
DA:53,1
DA:54,1
DA:67,1
DA:68,1
DA:69,1
DA:70,1
DA:71,1
DA:73,1
DA:74,1
DA:75,1
DA:77,1
DA:79,1
DA:80,1
DA:81,1
DA:82,1
DA:83,1
DA:84,1
DA:85,1
DA:86,1
DA:87,1
DA:88,1
DA:89,1
LF:64
LH:60
BRDA:17,0,0,5
BRDA:18,1,0,4
BRDA:18,2,0,1
BRDA:21,3,0,4
BRDA:25,4,0,2
BRDA:27,5,0,1
BRDA:29,6,0,3
BRDA:34,7,0,1
BRDA:35,8,0,0
BRDA:44,9,0,0
BRDA:77,10,0,2
BRDA:77,11,0,26
BRDA:81,12,0,5
BRDA:81,13,0,23
BRDA:84,14,0,5
BRDA:84,15,0,23
BRF:16
BRH:14
end_of_record
TN:
SF:src\components\MarkdownMessage.vue
FN:10,escapeHtml
FN:15,highlight
FNF:2
FNH:1
FNDA:0,escapeHtml
FNDA:1,highlight
DA:2,1
DA:3,1
DA:4,1
DA:6,1
DA:10,0
DA:11,0
DA:12,0
DA:14,1
DA:15,1
DA:16,1
DA:17,1
DA:18,1
DA:19,0
DA:20,1
DA:21,1
DA:23,1
DA:27,1
LF:17
LH:13
BRDA:15,0,0,1
BRDA:18,1,0,0
BRDA:23,2,0,1
BRF:3
BRH:2
end_of_record
TN:
SF:src\stores\auth.ts
FN:6,state
FN:11,signIn
FN:15,signUp
FN:19,restore
FN:24,update
FN:31,logout
FNF:6
FNH:6
FNDA:3,state
FNDA:1,signIn
FNDA:1,signUp
FNDA:1,restore
FNDA:2,update
FNDA:1,logout
DA:1,1
DA:2,1
DA:3,1
DA:5,1
DA:6,1
DA:7,3
DA:8,3
DA:9,3
DA:10,1
DA:11,1
DA:12,1
DA:13,1
DA:14,1
DA:15,1
DA:16,1
DA:17,1
DA:18,1
DA:19,1
DA:20,1
DA:21,1
DA:22,1
DA:23,1
DA:24,1
DA:25,2
DA:26,2
DA:27,2
DA:28,2
DA:29,2
DA:30,2
DA:31,1
DA:32,1
DA:33,1
DA:34,1
DA:35,1
DA:36,1
DA:37,1
DA:38,1
DA:39,1
LF:38
LH:38
BRDA:6,0,0,3
BRDA:7,1,0,2
BRDA:8,2,0,2
BRDA:11,3,0,1
BRDA:15,4,0,1
BRDA:19,5,0,1
BRDA:24,6,0,2
BRDA:31,7,0,1
BRF:8
BRH:8
end_of_record
TN:
SF:src\stores\chat.ts
FN:7,state
FN:15,init
FN:21,newConversation
FN:28,openConversation
FN:33,sendMessage
FN:46,processMessage
FNF:6
FNH:6
FNDA:4,state
FNDA:2,init
FNDA:1,newConversation
FNDA:1,openConversation
FNDA:2,sendMessage
FNDA:1,processMessage
DA:1,1
DA:2,1
DA:4,1
DA:6,1
DA:7,1
DA:8,4
DA:9,4
DA:10,4
DA:11,4
DA:12,4
DA:13,4
DA:14,1
DA:15,1
DA:16,2
DA:17,2
DA:18,1
DA:19,1
DA:20,2
DA:21,1
DA:22,1
DA:23,1
DA:24,1
DA:25,1
DA:26,1
DA:27,1
DA:28,1
DA:29,1
DA:30,1
DA:31,1
DA:32,1
DA:33,1
DA:34,2
DA:35,2
DA:36,1
DA:37,1
DA:38,1
DA:39,1
DA:40,1
DA:41,0
DA:42,0
DA:43,1
DA:44,1
DA:45,2
DA:46,1
DA:47,1
DA:48,1
DA:49,1
DA:50,1
DA:51,1
DA:52,1
DA:53,1
DA:54,1
DA:55,2
DA:56,2
DA:57,2
DA:58,1
DA:59,1
DA:60,1
DA:61,1
DA:62,1
DA:63,1
DA:64,1
DA:65,1
DA:66,1
LF:64
LH:62
BRDA:7,0,0,4
BRDA:15,1,0,2
BRDA:17,2,0,1
BRDA:21,3,0,1
BRDA:22,4,0,0
BRDA:28,5,0,1
BRDA:33,6,0,2
BRDA:35,7,0,1
BRDA:40,8,0,0
BRDA:46,9,0,1
BRDA:48,10,0,0
BRDA:54,11,0,2
BRDA:57,12,0,1
BRF:13
BRH:10
end_of_record
